<?xml version="1.0" encoding="UTF-8"?>
<testng-results skipped="0" failed="1" total="4" passed="3">
  <reporter-output>
  </reporter-output>
  <suite name="Suite" duration-ms="65083" started-at="2018-04-16T06:04:26Z" finished-at="2018-04-16T06:05:31Z">
    <groups>
    </groups>
    <test name="Validating login page" duration-ms="41315" started-at="2018-04-16T06:04:26Z" finished-at="2018-04-16T06:05:07Z">
      <class name="academy.HomePage">
        <test-method status="PASS" signature="initialize()[pri:0, instance:academy.HomePage@79079097]" name="initialize" is-config="true" duration-ms="7043" started-at="2018-04-16T11:34:26Z" finished-at="2018-04-16T11:34:33Z">
          <reporter-output>
          </reporter-output>
        </test-method> <!-- initialize -->
        <test-method status="PASS" signature="basePageNavigation(java.lang.String, java.lang.String)[pri:0, instance:academy.HomePage@79079097]" name="basePageNavigation" duration-ms="20536" started-at="2018-04-16T11:34:33Z" data-provider="getData" finished-at="2018-04-16T11:34:53Z">
          <params>
            <param index="0">
              <value>
                <![CDATA[Test@gmail.com]]>
              </value>
            </param>
            <param index="1">
              <value>
                <![CDATA[Test]]>
              </value>
            </param>
          </params>
          <reporter-output>
          </reporter-output>
        </test-method> <!-- basePageNavigation -->
        <test-method status="PASS" signature="basePageNavigation(java.lang.String, java.lang.String)[pri:0, instance:academy.HomePage@79079097]" name="basePageNavigation" duration-ms="11357" started-at="2018-04-16T11:34:53Z" data-provider="getData" finished-at="2018-04-16T11:35:05Z">
          <params>
            <param index="0">
              <value>
                <![CDATA[Test2@gmail.com]]>
              </value>
            </param>
            <param index="1">
              <value>
                <![CDATA[Test2]]>
              </value>
            </param>
          </params>
          <reporter-output>
          </reporter-output>
        </test-method> <!-- basePageNavigation -->
        <test-method status="PASS" signature="closeBrowser()[pri:0, instance:academy.HomePage@79079097]" name="closeBrowser" is-config="true" duration-ms="2370" started-at="2018-04-16T11:35:05Z" finished-at="2018-04-16T11:35:07Z">
          <reporter-output>
          </reporter-output>
        </test-method> <!-- closeBrowser -->
      </class> <!-- academy.HomePage -->
    </test> <!-- Validating login page -->
    <test name="validating title" duration-ms="11994" started-at="2018-04-16T06:05:07Z" finished-at="2018-04-16T06:05:19Z">
      <class name="academy.ValidateTitle">
        <test-method status="PASS" signature="initialize()[pri:0, instance:academy.ValidateTitle@3bd82cf5]" name="initialize" is-config="true" duration-ms="9139" started-at="2018-04-16T11:35:07Z" finished-at="2018-04-16T11:35:16Z">
          <reporter-output>
          </reporter-output>
        </test-method> <!-- initialize -->
        <test-method status="FAIL" signature="titlevalidation()[pri:0, instance:academy.ValidateTitle@3bd82cf5]" name="titlevalidation" duration-ms="37" started-at="2018-04-16T11:35:16Z" finished-at="2018-04-16T11:35:16Z">
          <exception class="java.lang.AssertionError">
            <message>
              <![CDATA[expected [FEATURED COURSES123] but found [FEATURED COURSES]]]>
            </message>
            <full-stacktrace>
              <![CDATA[java.lang.AssertionError: expected [FEATURED COURSES123] but found [FEATURED COURSES]
	at org.testng.Assert.fail(Assert.java:94)
	at org.testng.Assert.failNotEquals(Assert.java:494)
	at org.testng.Assert.assertEquals(Assert.java:123)
	at org.testng.Assert.assertEquals(Assert.java:176)
	at org.testng.Assert.assertEquals(Assert.java:186)
	at academy.ValidateTitle.titlevalidation(ValidateTitle.java:35)
	at sun.reflect.NativeMethodAccessorImpl.invoke0(Native Method)
	at sun.reflect.NativeMethodAccessorImpl.invoke(NativeMethodAccessorImpl.java:62)
	at sun.reflect.DelegatingMethodAccessorImpl.invoke(DelegatingMethodAccessorImpl.java:43)
	at java.lang.reflect.Method.invoke(Method.java:498)
	at org.testng.internal.MethodInvocationHelper.invokeMethod(MethodInvocationHelper.java:80)
	at org.testng.internal.Invoker.invokeMethod(Invoker.java:714)
	at org.testng.internal.Invoker.invokeTestMethod(Invoker.java:901)
	at org.testng.internal.Invoker.invokeTestMethods(Invoker.java:1231)
	at org.testng.internal.TestMethodWorker.invokeTestMethods(TestMethodWorker.java:127)
	at org.testng.internal.TestMethodWorker.run(TestMethodWorker.java:111)
	at org.testng.TestRunner.privateRun(TestRunner.java:767)
	at org.testng.TestRunner.run(TestRunner.java:617)
	at org.testng.SuiteRunner.runTest(SuiteRunner.java:334)
	at org.testng.SuiteRunner.runSequentially(SuiteRunner.java:329)
	at org.testng.SuiteRunner.privateRun(SuiteRunner.java:291)
	at org.testng.SuiteRunner.run(SuiteRunner.java:240)
	at org.testng.SuiteRunnerWorker.runSuite(SuiteRunnerWorker.java:52)
	at org.testng.SuiteRunnerWorker.run(SuiteRunnerWorker.java:86)
	at org.testng.TestNG.runSuitesSequentially(TestNG.java:1198)
	at org.testng.TestNG.runSuitesLocally(TestNG.java:1123)
	at org.testng.TestNG.run(TestNG.java:1031)
	at org.apache.maven.surefire.testng.TestNGExecutor.run(TestNGExecutor.java:283)
	at org.apache.maven.surefire.testng.TestNGXmlTestSuite.execute(TestNGXmlTestSuite.java:75)
	at org.apache.maven.surefire.testng.TestNGProvider.invoke(TestNGProvider.java:120)
	at org.apache.maven.surefire.booter.ForkedBooter.invokeProviderInSameClassLoader(ForkedBooter.java:379)
	at org.apache.maven.surefire.booter.ForkedBooter.runSuitesInProcess(ForkedBooter.java:340)
	at org.apache.maven.surefire.booter.ForkedBooter.execute(ForkedBooter.java:125)
	at org.apache.maven.surefire.booter.ForkedBooter.main(ForkedBooter.java:413)
]]>
            </full-stacktrace>
          </exception> <!-- java.lang.AssertionError -->
          <reporter-output>
          </reporter-output>
        </test-method> <!-- titlevalidation -->
        <test-method status="PASS" signature="closeBrowser()[pri:0, instance:academy.ValidateTitle@3bd82cf5]" name="closeBrowser" is-config="true" duration-ms="2390" started-at="2018-04-16T11:35:17Z" finished-at="2018-04-16T11:35:19Z">
          <reporter-output>
          </reporter-output>
        </test-method> <!-- closeBrowser -->
      </class> <!-- academy.ValidateTitle -->
    </test> <!-- validating title -->
    <test name="Validating navibar" duration-ms="11648" started-at="2018-04-16T06:05:19Z" finished-at="2018-04-16T06:05:31Z">
      <class name="academy.NaviBarValidation">
        <test-method status="PASS" signature="initialize()[pri:0, instance:academy.NaviBarValidation@7d20d0b]" name="initialize" is-config="true" duration-ms="9200" started-at="2018-04-16T11:35:19Z" finished-at="2018-04-16T11:35:28Z">
          <reporter-output>
          </reporter-output>
        </test-method> <!-- initialize -->
        <test-method status="PASS" signature="validatecontactbar()[pri:0, instance:academy.NaviBarValidation@7d20d0b]" name="validatecontactbar" duration-ms="34" started-at="2018-04-16T11:35:28Z" finished-at="2018-04-16T11:35:28Z">
          <reporter-output>
          </reporter-output>
        </test-method> <!-- validatecontactbar -->
        <test-method status="PASS" signature="closeBrowser()[pri:0, instance:academy.NaviBarValidation@7d20d0b]" name="closeBrowser" is-config="true" duration-ms="2414" started-at="2018-04-16T11:35:28Z" finished-at="2018-04-16T11:35:31Z">
          <reporter-output>
          </reporter-output>
        </test-method> <!-- closeBrowser -->
      </class> <!-- academy.NaviBarValidation -->
    </test> <!-- Validating navibar -->
  </suite> <!-- Suite -->
</testng-results>
